{"name": "Search product with paging is over than 6.", "status": "failed", "statusDetails": {"message": "AssertionError: Expected: 400, Actual: 500\nassert 500 == 400\n +  where 500 = <Response [500]>.status_code\n +  and   400 = int('400')", "trace": "session = <requests.sessions.Session object at 0x11d968100>, test_data = {'Description': 'Search product with paging is over than 6.', 'Http_status_code': '400', 'Method': 'GET', 'Unnamed: 6': 'Internal Server Error', ...}\n\n    @allure.feature(\"Product API\")\n    @allure.story(\"Search product by keyword failure.\")\n    @allure.title(\"Search product with invalid value and verify error message.\")\n    @pytest.mark.parametrize(\"test_data\", data_process.excel_read('API Search with invalid value'))\n    @pytest.mark.ProductAPI\n    def test_product_search_failure(session, test_data):\n        allure.dynamic.title(test_data['Description'])\n    \n        with allure.step(f\"Search product -> keyword: {test_data['keyword']}, paging: {test_data['paging']}\"):\n            resp = Prod_SearchAPI(session).send(test_data)\n    \n        with allure.step(f\"Verify http_status_code is equal to {int(test_data['Http_status_code'])}.\"):\n>           assert resp.status_code == int(test_data['Http_status_code']), \\\n                f\"Expected: {int(test_data['Http_status_code'])}, Actual: {resp.status_code}\"\nE           AssertionError: Expected: 400, Actual: 500\nE           assert 500 == 400\nE            +  where 500 = <Response [500]>.status_code\nE            +  and   400 = int('400')\n\ntest_api/test_product.py:66: AssertionError"}, "steps": [{"name": "Search product -> keyword: 經典, paging: 9999999999999999999", "status": "passed", "start": 1677720095743, "stop": 1677720096055}, {"name": "Verify http_status_code is equal to 400.", "status": "failed", "statusDetails": {"message": "AssertionError: Expected: 400, Actual: 500\nassert 500 == 400\n +  where 500 = <Response [500]>.status_code\n +  and   400 = int('400')\n", "trace": "  File \"/Users/linstone/Desktop/AppWork/Automation-Test-Program-Batch1/Stylish_Project/test_api/test_product.py\", line 66, in test_product_search_failure\n    assert resp.status_code == int(test_data['Http_status_code']), \\\n"}, "start": 1677720096055, "stop": 1677720096056}], "attachments": [{"name": "log", "source": "950e56fa-a618-4f49-866a-0dc6e09d77e7-attachment.txt", "type": "text/plain"}], "start": 1677720095743, "stop": 1677720096056, "uuid": "43534380-d228-4767-b6c7-6702439ca52a", "historyId": "ab6aec9f4ad1ebf46767829dc846b283", "testCaseId": "c04817e56fe595ffbddc058e803cbd34", "fullName": "test_api.test_product#test_product_search_failure", "labels": [{"name": "feature", "value": "Product API"}, {"name": "story", "value": "Search product by keyword failure."}, {"name": "tag", "value": "ProductAPI"}, {"name": "parentSuite", "value": "test_api"}, {"name": "suite", "value": "test_product"}, {"name": "host", "value": "Lins-MBP.GoMore-3F"}, {"name": "thread", "value": "42545-MainThread"}, {"name": "framework", "value": "pytest"}, {"name": "language", "value": "cpython3"}, {"name": "package", "value": "test_api.test_product"}]}